<?xml version="1.0" encoding="UTF-8"?>
<!-- Generated by org.testng.reporters.JUnitXMLReporter -->
<testsuite ignored="0" hostname="Rehansgamingdevice" failures="1" tests="2" name="Test" time="27.444" errors="0" timestamp="2025-04-01T16:52:07 IST">
  <testcase classname="testCases.TC001_notif_header_check" name="verfiy_notification_header_in_capital" time="6.429">
    <failure type="java.lang.AssertionError" message="expected [NOTIFICATIONS] but found [Notifications]">
      <![CDATA[java.lang.AssertionError: expected [NOTIFICATIONS] but found [Notifications]
at pageObject.notificationPage.checkNotiHeader(notificationPage.java:24)
at testCases.TC001_notif_header_check.verfiy_notification_header_in_capital(TC001_notif_header_check.java:17)
at java.base/java.util.ArrayList.forEach(ArrayList.java:1596)
... Removed 31 stack frames]]>
    </failure>
  </testcase> <!-- verfiy_notification_header_in_capital -->
  <testcase classname="testCases.TC002_verify_thumbnail_label" name="verify_thumbnail_label" time="8.988"/>
</testsuite> <!-- Test -->
