<?xml version="1.0" encoding="UTF-8"?>
<!-- Generated by org.testng.reporters.JUnitXMLReporter -->
<testsuite ignored="0" hostname="Rehansgamingdevice" failures="3" tests="4" name="Test" time="51.102" errors="0" timestamp="2025-04-03T15:48:35 IST">
  <testcase classname="testBase.baseClass" name="@BeforeClass setup" time="10.027">
    <failure type="org.openqa.selenium.SessionNotCreatedException" message="Could not start a new session. Response code 500. Message: An unknown server-side error occurred while processing the command. Original error: The instrumentation process cannot be initialized. Make sure the application under test does not crash and investigate the logcat output. 
Host info: host: &amp;apos;REHANSGAMINGDEV&amp;apos;, ip: &amp;apos;192.168.1.70&amp;apos;
Build info: version: &amp;apos;4.29.0&amp;apos;, revision: &amp;apos;5fc1ec94cb&amp;apos;
System info: os.name: &amp;apos;Windows 11&amp;apos;, os.arch: &amp;apos;amd64&amp;apos;, os.version: &amp;apos;10.0&amp;apos;, java.version: &amp;apos;21.0.5&amp;apos;
Driver info: io.appium.java_client.android.AndroidDriver
Command: [null, newSession {capabilities=[Capabilities {appium:appActivity: com.dotpitch.sanatanam.sana..., appium:appPackage: com.dotpitch.sanatanam.sana..., appium:automationName: uiAutomator2, appium:deviceName: Galaxy note 8, appium:platformVersion: 13, appium:udid: ce0717179aca141f017e, platformName: ANDROID}]}]
Capabilities {appium:appActivity: com.dotpitch.sanatanam.sana..., appium:appPackage: com.dotpitch.sanatanam.sana..., appium:automationName: uiAutomator2, appium:deviceName: Galaxy note 8, appium:platformVersion: 13, appium:udid: ce0717179aca141f017e, platformName: ANDROID}">
      <![CDATA[org.openqa.selenium.SessionNotCreatedException: Could not start a new session. Response code 500. Message: An unknown server-side error occurred while processing the command. Original error: The instrumentation process cannot be initialized. Make sure the application under test does not crash and investigate the logcat output. 
Host info: host: 'REHANSGAMINGDEV', ip: '192.168.1.70'
Build info: version: '4.29.0', revision: '5fc1ec94cb'
System info: os.name: 'Windows 11', os.arch: 'amd64', os.version: '10.0', java.version: '21.0.5'
Driver info: io.appium.java_client.android.AndroidDriver
Command: [null, newSession {capabilities=[Capabilities {appium:appActivity: com.dotpitch.sanatanam.sana..., appium:appPackage: com.dotpitch.sanatanam.sana..., appium:automationName: uiAutomator2, appium:deviceName: Galaxy note 8, appium:platformVersion: 13, appium:udid: ce0717179aca141f017e, platformName: ANDROID}]}]
Capabilities {appium:appActivity: com.dotpitch.sanatanam.sana..., appium:appPackage: com.dotpitch.sanatanam.sana..., appium:automationName: uiAutomator2, appium:deviceName: Galaxy note 8, appium:platformVersion: 13, appium:udid: ce0717179aca141f017e, platformName: ANDROID}
at org.openqa.selenium.remote.ProtocolHandshake.createSession(ProtocolHandshake.java:114)
at org.openqa.selenium.remote.ProtocolHandshake.createSession(ProtocolHandshake.java:75)
at org.openqa.selenium.remote.ProtocolHandshake.createSession(ProtocolHandshake.java:61)
at io.appium.java_client.remote.AppiumCommandExecutor.createSession(AppiumCommandExecutor.java:178)
at io.appium.java_client.remote.AppiumCommandExecutor.execute(AppiumCommandExecutor.java:243)
at org.openqa.selenium.remote.RemoteWebDriver.execute(RemoteWebDriver.java:545)
at io.appium.java_client.AppiumDriver.startSession(AppiumDriver.java:313)
at org.openqa.selenium.remote.RemoteWebDriver.<init>(RemoteWebDriver.java:174)
at io.appium.java_client.AppiumDriver.<init>(AppiumDriver.java:101)
at io.appium.java_client.AppiumDriver.<init>(AppiumDriver.java:113)
at io.appium.java_client.android.AndroidDriver.<init>(AndroidDriver.java:109)
at testBase.baseClass.setup(baseClass.java:28)
at java.base/java.util.ArrayList.forEach(ArrayList.java:1596)
... Removed 27 stack frames]]>
    </failure>
  </testcase> <!-- @BeforeClass setup -->
  <testcase classname="testBase.baseClass" name="@AfterClass teardown" time="0.0">
    <skipped/>
  </testcase> <!-- @AfterClass teardown -->
  <testcase classname="testCases.TC001_notif_header_check" name="verfiy_notification_header_in_capital" time="13.158">
    <failure type="org.openqa.selenium.NoSuchElementException" message="An element could not be located on the page using the given search parameters.
For documentation on this error, please visit: https://www.selenium.dev/documentation/webdriver/troubleshooting/errors#no-such-element-exception
Build info: version: &amp;apos;4.29.0&amp;apos;, revision: &amp;apos;5fc1ec94cb&amp;apos;
System info: os.name: &amp;apos;Windows 11&amp;apos;, os.arch: &amp;apos;amd64&amp;apos;, os.version: &amp;apos;10.0&amp;apos;, java.version: &amp;apos;21.0.5&amp;apos;
Driver info: io.appium.java_client.android.AndroidDriver
Command: [4ac9e727-cbc0-403c-a67c-91dbcfdbb224, findElement {value=new UiSelector().description(&amp;quot;Notifications&amp;quot;), using=-android uiautomator}]
Capabilities {appium:appActivity: com.dotpitch.sanatanam.sana..., appium:appPackage: com.dotpitch.sanatanam.sana..., appium:automationName: uiAutomator2, appium:databaseEnabled: false, appium:desired: {appActivity: com.dotpitch.sanatanam.sana..., appPackage: com.dotpitch.sanatanam.sana..., automationName: uiAutomator2, deviceName: Galaxy note 8, platformName: ANDROID, platformVersion: 13, udid: ce0717179aca141f017e}, appium:deviceApiLevel: 28, appium:deviceManufacturer: samsung, appium:deviceModel: SM-N950U, appium:deviceName: ce0717179aca141f017e, appium:deviceScreenDensity: 560, appium:deviceScreenSize: 1440x2960, appium:deviceUDID: ce0717179aca141f017e, appium:javascriptEnabled: true, appium:locationContextEnabled: false, appium:networkConnectionEnabled: true, appium:pixelRatio: 3.5, appium:platformVersion: 9, appium:statBarHeight: 84, appium:takesScreenshot: true, appium:udid: ce0717179aca141f017e, appium:viewportRect: {height: 2876, left: 0, top: 84, width: 1440}, appium:warnings: {}, appium:webStorageEnabled: false, platformName: ANDROID}
Session ID: 4ac9e727-cbc0-403c-a67c-91dbcfdbb224">
      <![CDATA[org.openqa.selenium.NoSuchElementException: An element could not be located on the page using the given search parameters.
For documentation on this error, please visit: https://www.selenium.dev/documentation/webdriver/troubleshooting/errors#no-such-element-exception
Build info: version: '4.29.0', revision: '5fc1ec94cb'
System info: os.name: 'Windows 11', os.arch: 'amd64', os.version: '10.0', java.version: '21.0.5'
Driver info: io.appium.java_client.android.AndroidDriver
Command: [4ac9e727-cbc0-403c-a67c-91dbcfdbb224, findElement {value=new UiSelector().description("Notifications"), using=-android uiautomator}]
Capabilities {appium:appActivity: com.dotpitch.sanatanam.sana..., appium:appPackage: com.dotpitch.sanatanam.sana..., appium:automationName: uiAutomator2, appium:databaseEnabled: false, appium:desired: {appActivity: com.dotpitch.sanatanam.sana..., appPackage: com.dotpitch.sanatanam.sana..., automationName: uiAutomator2, deviceName: Galaxy note 8, platformName: ANDROID, platformVersion: 13, udid: ce0717179aca141f017e}, appium:deviceApiLevel: 28, appium:deviceManufacturer: samsung, appium:deviceModel: SM-N950U, appium:deviceName: ce0717179aca141f017e, appium:deviceScreenDensity: 560, appium:deviceScreenSize: 1440x2960, appium:deviceUDID: ce0717179aca141f017e, appium:javascriptEnabled: true, appium:locationContextEnabled: false, appium:networkConnectionEnabled: true, appium:pixelRatio: 3.5, appium:platformVersion: 9, appium:statBarHeight: 84, appium:takesScreenshot: true, appium:udid: ce0717179aca141f017e, appium:viewportRect: {height: 2876, left: 0, top: 84, width: 1440}, appium:warnings: {}, appium:webStorageEnabled: false, platformName: ANDROID}
Session ID: 4ac9e727-cbc0-403c-a67c-91dbcfdbb224
at org.openqa.selenium.remote.ErrorCodec.decode(ErrorCodec.java:167)
at org.openqa.selenium.remote.codec.w3c.W3CHttpResponseCodec.decode(W3CHttpResponseCodec.java:138)
at org.openqa.selenium.remote.codec.w3c.W3CHttpResponseCodec.decode(W3CHttpResponseCodec.java:50)
at org.openqa.selenium.remote.HttpCommandExecutor.execute(HttpCommandExecutor.java:215)
at io.appium.java_client.remote.AppiumCommandExecutor.execute(AppiumCommandExecutor.java:243)
at org.openqa.selenium.remote.RemoteWebDriver.execute(RemoteWebDriver.java:545)
at org.openqa.selenium.remote.ElementLocation$ElementFinder$2.findElement(ElementLocation.java:165)
at org.openqa.selenium.remote.ElementLocation.findElement(ElementLocation.java:66)
at org.openqa.selenium.remote.RemoteWebDriver.findElement(RemoteWebDriver.java:368)
at org.openqa.selenium.remote.RemoteWebDriver.findElement(RemoteWebDriver.java:362)
at pageObject.notificationPage.checkNotiHeader(notificationPage.java:20)
at testCases.TC001_notif_header_check.verfiy_notification_header_in_capital(TC001_notif_header_check.java:16)
at java.base/java.util.ArrayList.forEach(ArrayList.java:1596)
... Removed 32 stack frames]]>
    </failure>
  </testcase> <!-- verfiy_notification_header_in_capital -->
  <testcase classname="testCases.TC002_verify_thumbnail_label" name="verify_thumbnail_label" time="6.824">
    <failure type="org.openqa.selenium.WebDriverException" message="An unknown server-side error occurred while processing the command. Original error: Could not proxy command to the remote server. Original error: socket hang up
Build info: version: &amp;apos;4.29.0&amp;apos;, revision: &amp;apos;5fc1ec94cb&amp;apos;
System info: os.name: &amp;apos;Windows 11&amp;apos;, os.arch: &amp;apos;amd64&amp;apos;, os.version: &amp;apos;10.0&amp;apos;, java.version: &amp;apos;21.0.5&amp;apos;
Driver info: io.appium.java_client.android.AndroidDriver
Command: [ebb8265e-ed1e-4019-9bf2-d2356262d824, findElement {value=//android.widget.FrameLayout[@resource-id=&amp;quot;android:id/content&amp;quot;]/android.widget.FrameLayout/android.view.View/android.view.View/android.view.View/android.view.View/android.widget.ImageView[2], using=xpath}]
Capabilities {appium:appActivity: com.dotpitch.sanatanam.sana..., appium:appPackage: com.dotpitch.sanatanam.sana..., appium:automationName: uiAutomator2, appium:databaseEnabled: false, appium:desired: {appActivity: com.dotpitch.sanatanam.sana..., appPackage: com.dotpitch.sanatanam.sana..., automationName: uiAutomator2, deviceName: Galaxy note 8, platformName: ANDROID, platformVersion: 13, udid: ce0717179aca141f017e}, appium:deviceApiLevel: 28, appium:deviceManufacturer: samsung, appium:deviceModel: SM-N950U, appium:deviceName: ce0717179aca141f017e, appium:deviceScreenDensity: 560, appium:deviceScreenSize: 1440x2960, appium:deviceUDID: ce0717179aca141f017e, appium:javascriptEnabled: true, appium:locationContextEnabled: false, appium:networkConnectionEnabled: true, appium:pixelRatio: 3.5, appium:platformVersion: 9, appium:statBarHeight: 84, appium:takesScreenshot: true, appium:udid: ce0717179aca141f017e, appium:viewportRect: {height: 2876, left: 0, top: 84, width: 1440}, appium:warnings: {}, appium:webStorageEnabled: false, platformName: ANDROID}
Session ID: ebb8265e-ed1e-4019-9bf2-d2356262d824">
      <![CDATA[org.openqa.selenium.WebDriverException: An unknown server-side error occurred while processing the command. Original error: Could not proxy command to the remote server. Original error: socket hang up
Build info: version: '4.29.0', revision: '5fc1ec94cb'
System info: os.name: 'Windows 11', os.arch: 'amd64', os.version: '10.0', java.version: '21.0.5'
Driver info: io.appium.java_client.android.AndroidDriver
Command: [ebb8265e-ed1e-4019-9bf2-d2356262d824, findElement {value=//android.widget.FrameLayout[@resource-id="android:id/content"]/android.widget.FrameLayout/android.view.View/android.view.View/android.view.View/android.view.View/android.widget.ImageView[2], using=xpath}]
Capabilities {appium:appActivity: com.dotpitch.sanatanam.sana..., appium:appPackage: com.dotpitch.sanatanam.sana..., appium:automationName: uiAutomator2, appium:databaseEnabled: false, appium:desired: {appActivity: com.dotpitch.sanatanam.sana..., appPackage: com.dotpitch.sanatanam.sana..., automationName: uiAutomator2, deviceName: Galaxy note 8, platformName: ANDROID, platformVersion: 13, udid: ce0717179aca141f017e}, appium:deviceApiLevel: 28, appium:deviceManufacturer: samsung, appium:deviceModel: SM-N950U, appium:deviceName: ce0717179aca141f017e, appium:deviceScreenDensity: 560, appium:deviceScreenSize: 1440x2960, appium:deviceUDID: ce0717179aca141f017e, appium:javascriptEnabled: true, appium:locationContextEnabled: false, appium:networkConnectionEnabled: true, appium:pixelRatio: 3.5, appium:platformVersion: 9, appium:statBarHeight: 84, appium:takesScreenshot: true, appium:udid: ce0717179aca141f017e, appium:viewportRect: {height: 2876, left: 0, top: 84, width: 1440}, appium:warnings: {}, appium:webStorageEnabled: false, platformName: ANDROID}
Session ID: ebb8265e-ed1e-4019-9bf2-d2356262d824
at org.openqa.selenium.remote.ErrorCodec.decode(ErrorCodec.java:167)
at org.openqa.selenium.remote.codec.w3c.W3CHttpResponseCodec.decode(W3CHttpResponseCodec.java:138)
at org.openqa.selenium.remote.codec.w3c.W3CHttpResponseCodec.decode(W3CHttpResponseCodec.java:50)
at org.openqa.selenium.remote.HttpCommandExecutor.execute(HttpCommandExecutor.java:215)
at io.appium.java_client.remote.AppiumCommandExecutor.execute(AppiumCommandExecutor.java:243)
at org.openqa.selenium.remote.RemoteWebDriver.execute(RemoteWebDriver.java:545)
at org.openqa.selenium.remote.ElementLocation$ElementFinder$2.findElement(ElementLocation.java:165)
at org.openqa.selenium.remote.ElementLocation.findElement(ElementLocation.java:59)
at org.openqa.selenium.remote.RemoteWebDriver.findElement(RemoteWebDriver.java:368)
at org.openqa.selenium.remote.RemoteWebDriver.findElement(RemoteWebDriver.java:362)
at pageObject.sevaPage.go_to_createSeva(sevaPage.java:19)
at testCases.TC002_verify_thumbnail_label.verify_thumbnail_label(TC002_verify_thumbnail_label.java:16)
at java.base/java.util.ArrayList.forEach(ArrayList.java:1596)
... Removed 32 stack frames]]>
    </failure>
  </testcase> <!-- verify_thumbnail_label -->
  <testcase classname="testCases.TC003_followersPage_verify" name="follower_page_verify" time="0.0">
    <skipped/>
  </testcase> <!-- follower_page_verify -->
  <testcase classname="testCases.TC004_navigate_homepage" name="navigation_to_homepage" time="0.005">
    <failure type="org.openqa.selenium.WebDriverException" message="An unknown server-side error occurred while processing the command. Original error: &amp;apos;POST /element&amp;apos; cannot be proxied to UiAutomator2 server because the instrumentation process is not running (probably crashed). Check the server log and/or the logcat output for more details
Build info: version: &amp;apos;4.29.0&amp;apos;, revision: &amp;apos;5fc1ec94cb&amp;apos;
System info: os.name: &amp;apos;Windows 11&amp;apos;, os.arch: &amp;apos;amd64&amp;apos;, os.version: &amp;apos;10.0&amp;apos;, java.version: &amp;apos;21.0.5&amp;apos;
Driver info: io.appium.java_client.android.AndroidDriver
Command: [81fd4c56-7609-4660-b84d-baa363f58831, findElement {value=Seva, using=accessibility id}]
Capabilities {appium:appActivity: com.dotpitch.sanatanam.sana..., appium:appPackage: com.dotpitch.sanatanam.sana..., appium:automationName: uiAutomator2, appium:databaseEnabled: false, appium:desired: {appActivity: com.dotpitch.sanatanam.sana..., appPackage: com.dotpitch.sanatanam.sana..., automationName: uiAutomator2, deviceName: Galaxy note 8, platformName: ANDROID, platformVersion: 13, udid: ce0717179aca141f017e}, appium:deviceApiLevel: 28, appium:deviceManufacturer: samsung, appium:deviceModel: SM-N950U, appium:deviceName: ce0717179aca141f017e, appium:deviceScreenDensity: 560, appium:deviceScreenSize: 1440x2960, appium:deviceUDID: ce0717179aca141f017e, appium:javascriptEnabled: true, appium:locationContextEnabled: false, appium:networkConnectionEnabled: true, appium:pixelRatio: 3.5, appium:platformVersion: 9, appium:statBarHeight: 84, appium:takesScreenshot: true, appium:udid: ce0717179aca141f017e, appium:viewportRect: {height: 2876, left: 0, top: 84, width: 1440}, appium:warnings: {}, appium:webStorageEnabled: false, platformName: ANDROID}
Session ID: 81fd4c56-7609-4660-b84d-baa363f58831">
      <![CDATA[org.openqa.selenium.WebDriverException: An unknown server-side error occurred while processing the command. Original error: 'POST /element' cannot be proxied to UiAutomator2 server because the instrumentation process is not running (probably crashed). Check the server log and/or the logcat output for more details
Build info: version: '4.29.0', revision: '5fc1ec94cb'
System info: os.name: 'Windows 11', os.arch: 'amd64', os.version: '10.0', java.version: '21.0.5'
Driver info: io.appium.java_client.android.AndroidDriver
Command: [81fd4c56-7609-4660-b84d-baa363f58831, findElement {value=Seva, using=accessibility id}]
Capabilities {appium:appActivity: com.dotpitch.sanatanam.sana..., appium:appPackage: com.dotpitch.sanatanam.sana..., appium:automationName: uiAutomator2, appium:databaseEnabled: false, appium:desired: {appActivity: com.dotpitch.sanatanam.sana..., appPackage: com.dotpitch.sanatanam.sana..., automationName: uiAutomator2, deviceName: Galaxy note 8, platformName: ANDROID, platformVersion: 13, udid: ce0717179aca141f017e}, appium:deviceApiLevel: 28, appium:deviceManufacturer: samsung, appium:deviceModel: SM-N950U, appium:deviceName: ce0717179aca141f017e, appium:deviceScreenDensity: 560, appium:deviceScreenSize: 1440x2960, appium:deviceUDID: ce0717179aca141f017e, appium:javascriptEnabled: true, appium:locationContextEnabled: false, appium:networkConnectionEnabled: true, appium:pixelRatio: 3.5, appium:platformVersion: 9, appium:statBarHeight: 84, appium:takesScreenshot: true, appium:udid: ce0717179aca141f017e, appium:viewportRect: {height: 2876, left: 0, top: 84, width: 1440}, appium:warnings: {}, appium:webStorageEnabled: false, platformName: ANDROID}
Session ID: 81fd4c56-7609-4660-b84d-baa363f58831
at org.openqa.selenium.remote.ErrorCodec.decode(ErrorCodec.java:167)
at org.openqa.selenium.remote.codec.w3c.W3CHttpResponseCodec.decode(W3CHttpResponseCodec.java:138)
at org.openqa.selenium.remote.codec.w3c.W3CHttpResponseCodec.decode(W3CHttpResponseCodec.java:50)
at org.openqa.selenium.remote.HttpCommandExecutor.execute(HttpCommandExecutor.java:215)
at io.appium.java_client.remote.AppiumCommandExecutor.execute(AppiumCommandExecutor.java:243)
at org.openqa.selenium.remote.RemoteWebDriver.execute(RemoteWebDriver.java:545)
at org.openqa.selenium.remote.ElementLocation$ElementFinder$2.findElement(ElementLocation.java:165)
at org.openqa.selenium.remote.ElementLocation.findElement(ElementLocation.java:66)
at org.openqa.selenium.remote.RemoteWebDriver.findElement(RemoteWebDriver.java:368)
at org.openqa.selenium.remote.RemoteWebDriver.findElement(RemoteWebDriver.java:362)
at pageObject.homePage.clickSevaandback(homePage.java:32)
at testCases.TC004_navigate_homepage.navigation_to_homepage(TC004_navigate_homepage.java:13)
at java.base/java.util.ArrayList.forEach(ArrayList.java:1596)
... Removed 32 stack frames]]>
    </failure>
  </testcase> <!-- navigation_to_homepage -->
</testsuite> <!-- Test -->
