<?xml version="1.0" encoding="UTF-8"?>
<testng-results ignored="0" total="4" passed="0" failed="3" skipped="1">
  <reporter-output>
  </reporter-output>
  <suite started-at="2025-04-03T15:47:44 IST" name="Suite" finished-at="2025-04-03T15:48:35 IST" duration-ms="51102">
    <groups>
    </groups>
    <test started-at="2025-04-03T15:47:44 IST" name="Test" finished-at="2025-04-03T15:48:35 IST" duration-ms="51102">
      <class name="testCases.TC003_followersPage_verify">
        <test-method is-config="true" signature="setup()[pri:0, instance:testCases.TC003_followersPage_verify@235834f2]" started-at="2025-04-03T15:48:18 IST" name="setup" finished-at="2025-04-03T15:48:28 IST" duration-ms="10027" status="FAIL">
          <exception class="org.openqa.selenium.SessionNotCreatedException">
            <message>
              <![CDATA[Could not start a new session. Response code 500. Message: An unknown server-side error occurred while processing the command. Original error: The instrumentation process cannot be initialized. Make sure the application under test does not crash and investigate the logcat output. 
Host info: host: 'REHANSGAMINGDEV', ip: '192.168.1.70'
Build info: version: '4.29.0', revision: '5fc1ec94cb'
System info: os.name: 'Windows 11', os.arch: 'amd64', os.version: '10.0', java.version: '21.0.5'
Driver info: io.appium.java_client.android.AndroidDriver
Command: [null, newSession {capabilities=[Capabilities {appium:appActivity: com.dotpitch.sanatanam.sana..., appium:appPackage: com.dotpitch.sanatanam.sana..., appium:automationName: uiAutomator2, appium:deviceName: Galaxy note 8, appium:platformVersion: 13, appium:udid: ce0717179aca141f017e, platformName: ANDROID}]}]
Capabilities {appium:appActivity: com.dotpitch.sanatanam.sana..., appium:appPackage: com.dotpitch.sanatanam.sana..., appium:automationName: uiAutomator2, appium:deviceName: Galaxy note 8, appium:platformVersion: 13, appium:udid: ce0717179aca141f017e, platformName: ANDROID}]]>
            </message>
            <full-stacktrace>
              <![CDATA[org.openqa.selenium.SessionNotCreatedException: Could not start a new session. Response code 500. Message: An unknown server-side error occurred while processing the command. Original error: The instrumentation process cannot be initialized. Make sure the application under test does not crash and investigate the logcat output. 
Host info: host: 'REHANSGAMINGDEV', ip: '192.168.1.70'
Build info: version: '4.29.0', revision: '5fc1ec94cb'
System info: os.name: 'Windows 11', os.arch: 'amd64', os.version: '10.0', java.version: '21.0.5'
Driver info: io.appium.java_client.android.AndroidDriver
Command: [null, newSession {capabilities=[Capabilities {appium:appActivity: com.dotpitch.sanatanam.sana..., appium:appPackage: com.dotpitch.sanatanam.sana..., appium:automationName: uiAutomator2, appium:deviceName: Galaxy note 8, appium:platformVersion: 13, appium:udid: ce0717179aca141f017e, platformName: ANDROID}]}]
Capabilities {appium:appActivity: com.dotpitch.sanatanam.sana..., appium:appPackage: com.dotpitch.sanatanam.sana..., appium:automationName: uiAutomator2, appium:deviceName: Galaxy note 8, appium:platformVersion: 13, appium:udid: ce0717179aca141f017e, platformName: ANDROID}
at org.openqa.selenium.remote.ProtocolHandshake.createSession(ProtocolHandshake.java:114)
at org.openqa.selenium.remote.ProtocolHandshake.createSession(ProtocolHandshake.java:75)
at org.openqa.selenium.remote.ProtocolHandshake.createSession(ProtocolHandshake.java:61)
at io.appium.java_client.remote.AppiumCommandExecutor.createSession(AppiumCommandExecutor.java:178)
at io.appium.java_client.remote.AppiumCommandExecutor.execute(AppiumCommandExecutor.java:243)
at org.openqa.selenium.remote.RemoteWebDriver.execute(RemoteWebDriver.java:545)
at io.appium.java_client.AppiumDriver.startSession(AppiumDriver.java:313)
at org.openqa.selenium.remote.RemoteWebDriver.<init>(RemoteWebDriver.java:174)
at io.appium.java_client.AppiumDriver.<init>(AppiumDriver.java:101)
at io.appium.java_client.AppiumDriver.<init>(AppiumDriver.java:113)
at io.appium.java_client.android.AndroidDriver.<init>(AndroidDriver.java:109)
at testBase.baseClass.setup(baseClass.java:28)
at java.base/jdk.internal.reflect.DirectMethodHandleAccessor.invoke(DirectMethodHandleAccessor.java:103)
at java.base/java.lang.reflect.Method.invoke(Method.java:580)
at org.testng.internal.invokers.MethodInvocationHelper.invokeMethod(MethodInvocationHelper.java:141)
at org.testng.internal.invokers.MethodInvocationHelper.invokeMethodConsideringTimeout(MethodInvocationHelper.java:71)
at org.testng.internal.invokers.ConfigInvoker.invokeConfigurationMethod(ConfigInvoker.java:400)
at org.testng.internal.invokers.ConfigInvoker.invokeConfigurations(ConfigInvoker.java:333)
at org.testng.internal.invokers.TestMethodWorker.invokeBeforeClassMethods(TestMethodWorker.java:188)
at org.testng.internal.invokers.TestMethodWorker.run(TestMethodWorker.java:128)
at java.base/java.util.ArrayList.forEach(ArrayList.java:1596)
at org.testng.TestRunner.privateRun(TestRunner.java:741)
at org.testng.TestRunner.run(TestRunner.java:616)
at org.testng.SuiteRunner.runTest(SuiteRunner.java:421)
at org.testng.SuiteRunner.runSequentially(SuiteRunner.java:413)
at org.testng.SuiteRunner.privateRun(SuiteRunner.java:373)
at org.testng.SuiteRunner.run(SuiteRunner.java:312)
at org.testng.SuiteRunnerWorker.runSuite(SuiteRunnerWorker.java:52)
at org.testng.SuiteRunnerWorker.run(SuiteRunnerWorker.java:95)
at org.testng.TestNG.runSuitesSequentially(TestNG.java:1274)
at org.testng.TestNG.runSuitesLocally(TestNG.java:1208)
at org.testng.TestNG.runSuites(TestNG.java:1112)
at org.testng.TestNG.run(TestNG.java:1079)
at org.apache.maven.surefire.testng.TestNGExecutor.run(TestNGExecutor.java:308)
at org.apache.maven.surefire.testng.TestNGXmlTestSuite.execute(TestNGXmlTestSuite.java:71)
at org.apache.maven.surefire.testng.TestNGProvider.invoke(TestNGProvider.java:113)
at org.apache.maven.surefire.booter.ForkedBooter.runSuitesInProcess(ForkedBooter.java:385)
at org.apache.maven.surefire.booter.ForkedBooter.execute(ForkedBooter.java:162)
at org.apache.maven.surefire.booter.ForkedBooter.run(ForkedBooter.java:507)
at org.apache.maven.surefire.booter.ForkedBooter.main(ForkedBooter.java:495)
]]>
            </full-stacktrace>
          </exception> <!-- org.openqa.selenium.SessionNotCreatedException -->
          <reporter-output>
          </reporter-output>
        </test-method> <!-- setup -->
        <test-method signature="follower_page_verify()[pri:0, instance:testCases.TC003_followersPage_verify@235834f2]" started-at="2025-04-03T15:48:28 IST" name="follower_page_verify" finished-at="2025-04-03T15:48:28 IST" duration-ms="0" status="SKIP">
          <exception class="org.openqa.selenium.SessionNotCreatedException">
            <message>
              <![CDATA[Could not start a new session. Response code 500. Message: An unknown server-side error occurred while processing the command. Original error: The instrumentation process cannot be initialized. Make sure the application under test does not crash and investigate the logcat output. 
Host info: host: 'REHANSGAMINGDEV', ip: '192.168.1.70'
Build info: version: '4.29.0', revision: '5fc1ec94cb'
System info: os.name: 'Windows 11', os.arch: 'amd64', os.version: '10.0', java.version: '21.0.5'
Driver info: io.appium.java_client.android.AndroidDriver
Command: [null, newSession {capabilities=[Capabilities {appium:appActivity: com.dotpitch.sanatanam.sana..., appium:appPackage: com.dotpitch.sanatanam.sana..., appium:automationName: uiAutomator2, appium:deviceName: Galaxy note 8, appium:platformVersion: 13, appium:udid: ce0717179aca141f017e, platformName: ANDROID}]}]
Capabilities {appium:appActivity: com.dotpitch.sanatanam.sana..., appium:appPackage: com.dotpitch.sanatanam.sana..., appium:automationName: uiAutomator2, appium:deviceName: Galaxy note 8, appium:platformVersion: 13, appium:udid: ce0717179aca141f017e, platformName: ANDROID}]]>
            </message>
            <full-stacktrace>
              <![CDATA[org.openqa.selenium.SessionNotCreatedException: Could not start a new session. Response code 500. Message: An unknown server-side error occurred while processing the command. Original error: The instrumentation process cannot be initialized. Make sure the application under test does not crash and investigate the logcat output. 
Host info: host: 'REHANSGAMINGDEV', ip: '192.168.1.70'
Build info: version: '4.29.0', revision: '5fc1ec94cb'
System info: os.name: 'Windows 11', os.arch: 'amd64', os.version: '10.0', java.version: '21.0.5'
Driver info: io.appium.java_client.android.AndroidDriver
Command: [null, newSession {capabilities=[Capabilities {appium:appActivity: com.dotpitch.sanatanam.sana..., appium:appPackage: com.dotpitch.sanatanam.sana..., appium:automationName: uiAutomator2, appium:deviceName: Galaxy note 8, appium:platformVersion: 13, appium:udid: ce0717179aca141f017e, platformName: ANDROID}]}]
Capabilities {appium:appActivity: com.dotpitch.sanatanam.sana..., appium:appPackage: com.dotpitch.sanatanam.sana..., appium:automationName: uiAutomator2, appium:deviceName: Galaxy note 8, appium:platformVersion: 13, appium:udid: ce0717179aca141f017e, platformName: ANDROID}
at org.openqa.selenium.remote.ProtocolHandshake.createSession(ProtocolHandshake.java:114)
at org.openqa.selenium.remote.ProtocolHandshake.createSession(ProtocolHandshake.java:75)
at org.openqa.selenium.remote.ProtocolHandshake.createSession(ProtocolHandshake.java:61)
at io.appium.java_client.remote.AppiumCommandExecutor.createSession(AppiumCommandExecutor.java:178)
at io.appium.java_client.remote.AppiumCommandExecutor.execute(AppiumCommandExecutor.java:243)
at org.openqa.selenium.remote.RemoteWebDriver.execute(RemoteWebDriver.java:545)
at io.appium.java_client.AppiumDriver.startSession(AppiumDriver.java:313)
at org.openqa.selenium.remote.RemoteWebDriver.<init>(RemoteWebDriver.java:174)
at io.appium.java_client.AppiumDriver.<init>(AppiumDriver.java:101)
at io.appium.java_client.AppiumDriver.<init>(AppiumDriver.java:113)
at io.appium.java_client.android.AndroidDriver.<init>(AndroidDriver.java:109)
at testBase.baseClass.setup(baseClass.java:28)
at java.base/jdk.internal.reflect.DirectMethodHandleAccessor.invoke(DirectMethodHandleAccessor.java:103)
at java.base/java.lang.reflect.Method.invoke(Method.java:580)
at org.testng.internal.invokers.MethodInvocationHelper.invokeMethod(MethodInvocationHelper.java:141)
at org.testng.internal.invokers.MethodInvocationHelper.invokeMethodConsideringTimeout(MethodInvocationHelper.java:71)
at org.testng.internal.invokers.ConfigInvoker.invokeConfigurationMethod(ConfigInvoker.java:400)
at org.testng.internal.invokers.ConfigInvoker.invokeConfigurations(ConfigInvoker.java:333)
at org.testng.internal.invokers.TestMethodWorker.invokeBeforeClassMethods(TestMethodWorker.java:188)
at org.testng.internal.invokers.TestMethodWorker.run(TestMethodWorker.java:128)
at java.base/java.util.ArrayList.forEach(ArrayList.java:1596)
at org.testng.TestRunner.privateRun(TestRunner.java:741)
at org.testng.TestRunner.run(TestRunner.java:616)
at org.testng.SuiteRunner.runTest(SuiteRunner.java:421)
at org.testng.SuiteRunner.runSequentially(SuiteRunner.java:413)
at org.testng.SuiteRunner.privateRun(SuiteRunner.java:373)
at org.testng.SuiteRunner.run(SuiteRunner.java:312)
at org.testng.SuiteRunnerWorker.runSuite(SuiteRunnerWorker.java:52)
at org.testng.SuiteRunnerWorker.run(SuiteRunnerWorker.java:95)
at org.testng.TestNG.runSuitesSequentially(TestNG.java:1274)
at org.testng.TestNG.runSuitesLocally(TestNG.java:1208)
at org.testng.TestNG.runSuites(TestNG.java:1112)
at org.testng.TestNG.run(TestNG.java:1079)
at org.apache.maven.surefire.testng.TestNGExecutor.run(TestNGExecutor.java:308)
at org.apache.maven.surefire.testng.TestNGXmlTestSuite.execute(TestNGXmlTestSuite.java:71)
at org.apache.maven.surefire.testng.TestNGProvider.invoke(TestNGProvider.java:113)
at org.apache.maven.surefire.booter.ForkedBooter.runSuitesInProcess(ForkedBooter.java:385)
at org.apache.maven.surefire.booter.ForkedBooter.execute(ForkedBooter.java:162)
at org.apache.maven.surefire.booter.ForkedBooter.run(ForkedBooter.java:507)
at org.apache.maven.surefire.booter.ForkedBooter.main(ForkedBooter.java:495)
]]>
            </full-stacktrace>
          </exception> <!-- org.openqa.selenium.SessionNotCreatedException -->
          <reporter-output>
          </reporter-output>
        </test-method> <!-- follower_page_verify -->
        <test-method is-config="true" signature="teardown()[pri:0, instance:testCases.TC003_followersPage_verify@235834f2]" started-at="2025-04-03T15:48:28 IST" name="teardown" finished-at="2025-04-03T15:48:28 IST" duration-ms="0" status="SKIP">
          <reporter-output>
          </reporter-output>
        </test-method> <!-- teardown -->
      </class> <!-- testCases.TC003_followersPage_verify -->
      <class name="testCases.TC004_navigate_homepage">
        <test-method is-config="true" signature="setup()[pri:0, instance:testCases.TC004_navigate_homepage@5656be13]" started-at="2025-04-03T15:48:28 IST" name="setup" finished-at="2025-04-03T15:48:34 IST" duration-ms="6063" status="PASS">
          <reporter-output>
          </reporter-output>
        </test-method> <!-- setup -->
        <test-method signature="navigation_to_homepage()[pri:0, instance:testCases.TC004_navigate_homepage@5656be13]" started-at="2025-04-03T15:48:34 IST" name="navigation_to_homepage" finished-at="2025-04-03T15:48:34 IST" duration-ms="5" status="FAIL">
          <exception class="org.openqa.selenium.WebDriverException">
            <message>
              <![CDATA[An unknown server-side error occurred while processing the command. Original error: 'POST /element' cannot be proxied to UiAutomator2 server because the instrumentation process is not running (probably crashed). Check the server log and/or the logcat output for more details
Build info: version: '4.29.0', revision: '5fc1ec94cb'
System info: os.name: 'Windows 11', os.arch: 'amd64', os.version: '10.0', java.version: '21.0.5'
Driver info: io.appium.java_client.android.AndroidDriver
Command: [81fd4c56-7609-4660-b84d-baa363f58831, findElement {value=Seva, using=accessibility id}]
Capabilities {appium:appActivity: com.dotpitch.sanatanam.sana..., appium:appPackage: com.dotpitch.sanatanam.sana..., appium:automationName: uiAutomator2, appium:databaseEnabled: false, appium:desired: {appActivity: com.dotpitch.sanatanam.sana..., appPackage: com.dotpitch.sanatanam.sana..., automationName: uiAutomator2, deviceName: Galaxy note 8, platformName: ANDROID, platformVersion: 13, udid: ce0717179aca141f017e}, appium:deviceApiLevel: 28, appium:deviceManufacturer: samsung, appium:deviceModel: SM-N950U, appium:deviceName: ce0717179aca141f017e, appium:deviceScreenDensity: 560, appium:deviceScreenSize: 1440x2960, appium:deviceUDID: ce0717179aca141f017e, appium:javascriptEnabled: true, appium:locationContextEnabled: false, appium:networkConnectionEnabled: true, appium:pixelRatio: 3.5, appium:platformVersion: 9, appium:statBarHeight: 84, appium:takesScreenshot: true, appium:udid: ce0717179aca141f017e, appium:viewportRect: {height: 2876, left: 0, top: 84, width: 1440}, appium:warnings: {}, appium:webStorageEnabled: false, platformName: ANDROID}
Session ID: 81fd4c56-7609-4660-b84d-baa363f58831]]>
            </message>
            <full-stacktrace>
              <![CDATA[org.openqa.selenium.WebDriverException: An unknown server-side error occurred while processing the command. Original error: 'POST /element' cannot be proxied to UiAutomator2 server because the instrumentation process is not running (probably crashed). Check the server log and/or the logcat output for more details
Build info: version: '4.29.0', revision: '5fc1ec94cb'
System info: os.name: 'Windows 11', os.arch: 'amd64', os.version: '10.0', java.version: '21.0.5'
Driver info: io.appium.java_client.android.AndroidDriver
Command: [81fd4c56-7609-4660-b84d-baa363f58831, findElement {value=Seva, using=accessibility id}]
Capabilities {appium:appActivity: com.dotpitch.sanatanam.sana..., appium:appPackage: com.dotpitch.sanatanam.sana..., appium:automationName: uiAutomator2, appium:databaseEnabled: false, appium:desired: {appActivity: com.dotpitch.sanatanam.sana..., appPackage: com.dotpitch.sanatanam.sana..., automationName: uiAutomator2, deviceName: Galaxy note 8, platformName: ANDROID, platformVersion: 13, udid: ce0717179aca141f017e}, appium:deviceApiLevel: 28, appium:deviceManufacturer: samsung, appium:deviceModel: SM-N950U, appium:deviceName: ce0717179aca141f017e, appium:deviceScreenDensity: 560, appium:deviceScreenSize: 1440x2960, appium:deviceUDID: ce0717179aca141f017e, appium:javascriptEnabled: true, appium:locationContextEnabled: false, appium:networkConnectionEnabled: true, appium:pixelRatio: 3.5, appium:platformVersion: 9, appium:statBarHeight: 84, appium:takesScreenshot: true, appium:udid: ce0717179aca141f017e, appium:viewportRect: {height: 2876, left: 0, top: 84, width: 1440}, appium:warnings: {}, appium:webStorageEnabled: false, platformName: ANDROID}
Session ID: 81fd4c56-7609-4660-b84d-baa363f58831
at java.base/jdk.internal.reflect.DirectConstructorHandleAccessor.newInstance(DirectConstructorHandleAccessor.java:62)
at java.base/java.lang.reflect.Constructor.newInstanceWithCaller(Constructor.java:502)
at java.base/java.lang.reflect.Constructor.newInstance(Constructor.java:486)
at org.openqa.selenium.remote.ErrorCodec.decode(ErrorCodec.java:167)
at org.openqa.selenium.remote.codec.w3c.W3CHttpResponseCodec.decode(W3CHttpResponseCodec.java:138)
at org.openqa.selenium.remote.codec.w3c.W3CHttpResponseCodec.decode(W3CHttpResponseCodec.java:50)
at org.openqa.selenium.remote.HttpCommandExecutor.execute(HttpCommandExecutor.java:215)
at io.appium.java_client.remote.AppiumCommandExecutor.execute(AppiumCommandExecutor.java:243)
at org.openqa.selenium.remote.RemoteWebDriver.execute(RemoteWebDriver.java:545)
at org.openqa.selenium.remote.ElementLocation$ElementFinder$2.findElement(ElementLocation.java:165)
at org.openqa.selenium.remote.ElementLocation.findElement(ElementLocation.java:66)
at org.openqa.selenium.remote.RemoteWebDriver.findElement(RemoteWebDriver.java:368)
at org.openqa.selenium.remote.RemoteWebDriver.findElement(RemoteWebDriver.java:362)
at pageObject.homePage.clickSevaandback(homePage.java:32)
at testCases.TC004_navigate_homepage.navigation_to_homepage(TC004_navigate_homepage.java:13)
at java.base/jdk.internal.reflect.DirectMethodHandleAccessor.invoke(DirectMethodHandleAccessor.java:103)
at java.base/java.lang.reflect.Method.invoke(Method.java:580)
at org.testng.internal.invokers.MethodInvocationHelper.invokeMethod(MethodInvocationHelper.java:141)
at org.testng.internal.invokers.TestInvoker.invokeMethod(TestInvoker.java:687)
at org.testng.internal.invokers.TestInvoker.invokeTestMethod(TestInvoker.java:230)
at org.testng.internal.invokers.MethodRunner.runInSequence(MethodRunner.java:63)
at org.testng.internal.invokers.TestInvoker$MethodInvocationAgent.invoke(TestInvoker.java:995)
at org.testng.internal.invokers.TestInvoker.invokeTestMethods(TestInvoker.java:203)
at org.testng.internal.invokers.TestMethodWorker.invokeTestMethods(TestMethodWorker.java:154)
at org.testng.internal.invokers.TestMethodWorker.run(TestMethodWorker.java:134)
at java.base/java.util.ArrayList.forEach(ArrayList.java:1596)
at org.testng.TestRunner.privateRun(TestRunner.java:741)
at org.testng.TestRunner.run(TestRunner.java:616)
at org.testng.SuiteRunner.runTest(SuiteRunner.java:421)
at org.testng.SuiteRunner.runSequentially(SuiteRunner.java:413)
at org.testng.SuiteRunner.privateRun(SuiteRunner.java:373)
at org.testng.SuiteRunner.run(SuiteRunner.java:312)
at org.testng.SuiteRunnerWorker.runSuite(SuiteRunnerWorker.java:52)
at org.testng.SuiteRunnerWorker.run(SuiteRunnerWorker.java:95)
at org.testng.TestNG.runSuitesSequentially(TestNG.java:1274)
at org.testng.TestNG.runSuitesLocally(TestNG.java:1208)
at org.testng.TestNG.runSuites(TestNG.java:1112)
at org.testng.TestNG.run(TestNG.java:1079)
at org.apache.maven.surefire.testng.TestNGExecutor.run(TestNGExecutor.java:308)
at org.apache.maven.surefire.testng.TestNGXmlTestSuite.execute(TestNGXmlTestSuite.java:71)
at org.apache.maven.surefire.testng.TestNGProvider.invoke(TestNGProvider.java:113)
at org.apache.maven.surefire.booter.ForkedBooter.runSuitesInProcess(ForkedBooter.java:385)
at org.apache.maven.surefire.booter.ForkedBooter.execute(ForkedBooter.java:162)
at org.apache.maven.surefire.booter.ForkedBooter.run(ForkedBooter.java:507)
at org.apache.maven.surefire.booter.ForkedBooter.main(ForkedBooter.java:495)
]]>
            </full-stacktrace>
          </exception> <!-- org.openqa.selenium.WebDriverException -->
          <reporter-output>
          </reporter-output>
        </test-method> <!-- navigation_to_homepage -->
        <test-method is-config="true" signature="teardown()[pri:0, instance:testCases.TC004_navigate_homepage@5656be13]" started-at="2025-04-03T15:48:34 IST" name="teardown" finished-at="2025-04-03T15:48:35 IST" duration-ms="457" status="PASS">
          <reporter-output>
          </reporter-output>
        </test-method> <!-- teardown -->
      </class> <!-- testCases.TC004_navigate_homepage -->
      <class name="testCases.TC002_verify_thumbnail_label">
        <test-method is-config="true" signature="setup()[pri:0, instance:testCases.TC002_verify_thumbnail_label@3270d194]" started-at="2025-04-03T15:48:05 IST" name="setup" finished-at="2025-04-03T15:48:11 IST" duration-ms="6068" status="PASS">
          <reporter-output>
          </reporter-output>
        </test-method> <!-- setup -->
        <test-method signature="verify_thumbnail_label()[pri:0, instance:testCases.TC002_verify_thumbnail_label@3270d194]" started-at="2025-04-03T15:48:11 IST" name="verify_thumbnail_label" finished-at="2025-04-03T15:48:18 IST" duration-ms="6824" status="FAIL">
          <exception class="org.openqa.selenium.WebDriverException">
            <message>
              <![CDATA[An unknown server-side error occurred while processing the command. Original error: Could not proxy command to the remote server. Original error: socket hang up
Build info: version: '4.29.0', revision: '5fc1ec94cb'
System info: os.name: 'Windows 11', os.arch: 'amd64', os.version: '10.0', java.version: '21.0.5'
Driver info: io.appium.java_client.android.AndroidDriver
Command: [ebb8265e-ed1e-4019-9bf2-d2356262d824, findElement {value=//android.widget.FrameLayout[@resource-id="android:id/content"]/android.widget.FrameLayout/android.view.View/android.view.View/android.view.View/android.view.View/android.widget.ImageView[2], using=xpath}]
Capabilities {appium:appActivity: com.dotpitch.sanatanam.sana..., appium:appPackage: com.dotpitch.sanatanam.sana..., appium:automationName: uiAutomator2, appium:databaseEnabled: false, appium:desired: {appActivity: com.dotpitch.sanatanam.sana..., appPackage: com.dotpitch.sanatanam.sana..., automationName: uiAutomator2, deviceName: Galaxy note 8, platformName: ANDROID, platformVersion: 13, udid: ce0717179aca141f017e}, appium:deviceApiLevel: 28, appium:deviceManufacturer: samsung, appium:deviceModel: SM-N950U, appium:deviceName: ce0717179aca141f017e, appium:deviceScreenDensity: 560, appium:deviceScreenSize: 1440x2960, appium:deviceUDID: ce0717179aca141f017e, appium:javascriptEnabled: true, appium:locationContextEnabled: false, appium:networkConnectionEnabled: true, appium:pixelRatio: 3.5, appium:platformVersion: 9, appium:statBarHeight: 84, appium:takesScreenshot: true, appium:udid: ce0717179aca141f017e, appium:viewportRect: {height: 2876, left: 0, top: 84, width: 1440}, appium:warnings: {}, appium:webStorageEnabled: false, platformName: ANDROID}
Session ID: ebb8265e-ed1e-4019-9bf2-d2356262d824]]>
            </message>
            <full-stacktrace>
              <![CDATA[org.openqa.selenium.WebDriverException: An unknown server-side error occurred while processing the command. Original error: Could not proxy command to the remote server. Original error: socket hang up
Build info: version: '4.29.0', revision: '5fc1ec94cb'
System info: os.name: 'Windows 11', os.arch: 'amd64', os.version: '10.0', java.version: '21.0.5'
Driver info: io.appium.java_client.android.AndroidDriver
Command: [ebb8265e-ed1e-4019-9bf2-d2356262d824, findElement {value=//android.widget.FrameLayout[@resource-id="android:id/content"]/android.widget.FrameLayout/android.view.View/android.view.View/android.view.View/android.view.View/android.widget.ImageView[2], using=xpath}]
Capabilities {appium:appActivity: com.dotpitch.sanatanam.sana..., appium:appPackage: com.dotpitch.sanatanam.sana..., appium:automationName: uiAutomator2, appium:databaseEnabled: false, appium:desired: {appActivity: com.dotpitch.sanatanam.sana..., appPackage: com.dotpitch.sanatanam.sana..., automationName: uiAutomator2, deviceName: Galaxy note 8, platformName: ANDROID, platformVersion: 13, udid: ce0717179aca141f017e}, appium:deviceApiLevel: 28, appium:deviceManufacturer: samsung, appium:deviceModel: SM-N950U, appium:deviceName: ce0717179aca141f017e, appium:deviceScreenDensity: 560, appium:deviceScreenSize: 1440x2960, appium:deviceUDID: ce0717179aca141f017e, appium:javascriptEnabled: true, appium:locationContextEnabled: false, appium:networkConnectionEnabled: true, appium:pixelRatio: 3.5, appium:platformVersion: 9, appium:statBarHeight: 84, appium:takesScreenshot: true, appium:udid: ce0717179aca141f017e, appium:viewportRect: {height: 2876, left: 0, top: 84, width: 1440}, appium:warnings: {}, appium:webStorageEnabled: false, platformName: ANDROID}
Session ID: ebb8265e-ed1e-4019-9bf2-d2356262d824
at java.base/jdk.internal.reflect.DirectConstructorHandleAccessor.newInstance(DirectConstructorHandleAccessor.java:62)
at java.base/java.lang.reflect.Constructor.newInstanceWithCaller(Constructor.java:502)
at java.base/java.lang.reflect.Constructor.newInstance(Constructor.java:486)
at org.openqa.selenium.remote.ErrorCodec.decode(ErrorCodec.java:167)
at org.openqa.selenium.remote.codec.w3c.W3CHttpResponseCodec.decode(W3CHttpResponseCodec.java:138)
at org.openqa.selenium.remote.codec.w3c.W3CHttpResponseCodec.decode(W3CHttpResponseCodec.java:50)
at org.openqa.selenium.remote.HttpCommandExecutor.execute(HttpCommandExecutor.java:215)
at io.appium.java_client.remote.AppiumCommandExecutor.execute(AppiumCommandExecutor.java:243)
at org.openqa.selenium.remote.RemoteWebDriver.execute(RemoteWebDriver.java:545)
at org.openqa.selenium.remote.ElementLocation$ElementFinder$2.findElement(ElementLocation.java:165)
at org.openqa.selenium.remote.ElementLocation.findElement(ElementLocation.java:59)
at org.openqa.selenium.remote.RemoteWebDriver.findElement(RemoteWebDriver.java:368)
at org.openqa.selenium.remote.RemoteWebDriver.findElement(RemoteWebDriver.java:362)
at pageObject.sevaPage.go_to_createSeva(sevaPage.java:19)
at testCases.TC002_verify_thumbnail_label.verify_thumbnail_label(TC002_verify_thumbnail_label.java:16)
at java.base/jdk.internal.reflect.DirectMethodHandleAccessor.invoke(DirectMethodHandleAccessor.java:103)
at java.base/java.lang.reflect.Method.invoke(Method.java:580)
at org.testng.internal.invokers.MethodInvocationHelper.invokeMethod(MethodInvocationHelper.java:141)
at org.testng.internal.invokers.TestInvoker.invokeMethod(TestInvoker.java:687)
at org.testng.internal.invokers.TestInvoker.invokeTestMethod(TestInvoker.java:230)
at org.testng.internal.invokers.MethodRunner.runInSequence(MethodRunner.java:63)
at org.testng.internal.invokers.TestInvoker$MethodInvocationAgent.invoke(TestInvoker.java:995)
at org.testng.internal.invokers.TestInvoker.invokeTestMethods(TestInvoker.java:203)
at org.testng.internal.invokers.TestMethodWorker.invokeTestMethods(TestMethodWorker.java:154)
at org.testng.internal.invokers.TestMethodWorker.run(TestMethodWorker.java:134)
at java.base/java.util.ArrayList.forEach(ArrayList.java:1596)
at org.testng.TestRunner.privateRun(TestRunner.java:741)
at org.testng.TestRunner.run(TestRunner.java:616)
at org.testng.SuiteRunner.runTest(SuiteRunner.java:421)
at org.testng.SuiteRunner.runSequentially(SuiteRunner.java:413)
at org.testng.SuiteRunner.privateRun(SuiteRunner.java:373)
at org.testng.SuiteRunner.run(SuiteRunner.java:312)
at org.testng.SuiteRunnerWorker.runSuite(SuiteRunnerWorker.java:52)
at org.testng.SuiteRunnerWorker.run(SuiteRunnerWorker.java:95)
at org.testng.TestNG.runSuitesSequentially(TestNG.java:1274)
at org.testng.TestNG.runSuitesLocally(TestNG.java:1208)
at org.testng.TestNG.runSuites(TestNG.java:1112)
at org.testng.TestNG.run(TestNG.java:1079)
at org.apache.maven.surefire.testng.TestNGExecutor.run(TestNGExecutor.java:308)
at org.apache.maven.surefire.testng.TestNGXmlTestSuite.execute(TestNGXmlTestSuite.java:71)
at org.apache.maven.surefire.testng.TestNGProvider.invoke(TestNGProvider.java:113)
at org.apache.maven.surefire.booter.ForkedBooter.runSuitesInProcess(ForkedBooter.java:385)
at org.apache.maven.surefire.booter.ForkedBooter.execute(ForkedBooter.java:162)
at org.apache.maven.surefire.booter.ForkedBooter.run(ForkedBooter.java:507)
at org.apache.maven.surefire.booter.ForkedBooter.main(ForkedBooter.java:495)
]]>
            </full-stacktrace>
          </exception> <!-- org.openqa.selenium.WebDriverException -->
          <reporter-output>
          </reporter-output>
        </test-method> <!-- verify_thumbnail_label -->
        <test-method is-config="true" signature="teardown()[pri:0, instance:testCases.TC002_verify_thumbnail_label@3270d194]" started-at="2025-04-03T15:48:18 IST" name="teardown" finished-at="2025-04-03T15:48:18 IST" duration-ms="338" status="PASS">
          <reporter-output>
          </reporter-output>
        </test-method> <!-- teardown -->
      </class> <!-- testCases.TC002_verify_thumbnail_label -->
      <class name="testCases.TC001_notif_header_check">
        <test-method is-config="true" signature="setup()[pri:0, instance:testCases.TC001_notif_header_check@7b2bbc3]" started-at="2025-04-03T15:47:44 IST" name="setup" finished-at="2025-04-03T15:47:51 IST" duration-ms="7611" status="PASS">
          <reporter-output>
          </reporter-output>
        </test-method> <!-- setup -->
        <test-method signature="verfiy_notification_header_in_capital()[pri:0, instance:testCases.TC001_notif_header_check@7b2bbc3]" started-at="2025-04-03T15:47:51 IST" name="verfiy_notification_header_in_capital" finished-at="2025-04-03T15:48:04 IST" duration-ms="13158" status="FAIL">
          <exception class="org.openqa.selenium.NoSuchElementException">
            <message>
              <![CDATA[An element could not be located on the page using the given search parameters.
For documentation on this error, please visit: https://www.selenium.dev/documentation/webdriver/troubleshooting/errors#no-such-element-exception
Build info: version: '4.29.0', revision: '5fc1ec94cb'
System info: os.name: 'Windows 11', os.arch: 'amd64', os.version: '10.0', java.version: '21.0.5'
Driver info: io.appium.java_client.android.AndroidDriver
Command: [4ac9e727-cbc0-403c-a67c-91dbcfdbb224, findElement {value=new UiSelector().description("Notifications"), using=-android uiautomator}]
Capabilities {appium:appActivity: com.dotpitch.sanatanam.sana..., appium:appPackage: com.dotpitch.sanatanam.sana..., appium:automationName: uiAutomator2, appium:databaseEnabled: false, appium:desired: {appActivity: com.dotpitch.sanatanam.sana..., appPackage: com.dotpitch.sanatanam.sana..., automationName: uiAutomator2, deviceName: Galaxy note 8, platformName: ANDROID, platformVersion: 13, udid: ce0717179aca141f017e}, appium:deviceApiLevel: 28, appium:deviceManufacturer: samsung, appium:deviceModel: SM-N950U, appium:deviceName: ce0717179aca141f017e, appium:deviceScreenDensity: 560, appium:deviceScreenSize: 1440x2960, appium:deviceUDID: ce0717179aca141f017e, appium:javascriptEnabled: true, appium:locationContextEnabled: false, appium:networkConnectionEnabled: true, appium:pixelRatio: 3.5, appium:platformVersion: 9, appium:statBarHeight: 84, appium:takesScreenshot: true, appium:udid: ce0717179aca141f017e, appium:viewportRect: {height: 2876, left: 0, top: 84, width: 1440}, appium:warnings: {}, appium:webStorageEnabled: false, platformName: ANDROID}
Session ID: 4ac9e727-cbc0-403c-a67c-91dbcfdbb224]]>
            </message>
            <full-stacktrace>
              <![CDATA[org.openqa.selenium.NoSuchElementException: An element could not be located on the page using the given search parameters.
For documentation on this error, please visit: https://www.selenium.dev/documentation/webdriver/troubleshooting/errors#no-such-element-exception
Build info: version: '4.29.0', revision: '5fc1ec94cb'
System info: os.name: 'Windows 11', os.arch: 'amd64', os.version: '10.0', java.version: '21.0.5'
Driver info: io.appium.java_client.android.AndroidDriver
Command: [4ac9e727-cbc0-403c-a67c-91dbcfdbb224, findElement {value=new UiSelector().description("Notifications"), using=-android uiautomator}]
Capabilities {appium:appActivity: com.dotpitch.sanatanam.sana..., appium:appPackage: com.dotpitch.sanatanam.sana..., appium:automationName: uiAutomator2, appium:databaseEnabled: false, appium:desired: {appActivity: com.dotpitch.sanatanam.sana..., appPackage: com.dotpitch.sanatanam.sana..., automationName: uiAutomator2, deviceName: Galaxy note 8, platformName: ANDROID, platformVersion: 13, udid: ce0717179aca141f017e}, appium:deviceApiLevel: 28, appium:deviceManufacturer: samsung, appium:deviceModel: SM-N950U, appium:deviceName: ce0717179aca141f017e, appium:deviceScreenDensity: 560, appium:deviceScreenSize: 1440x2960, appium:deviceUDID: ce0717179aca141f017e, appium:javascriptEnabled: true, appium:locationContextEnabled: false, appium:networkConnectionEnabled: true, appium:pixelRatio: 3.5, appium:platformVersion: 9, appium:statBarHeight: 84, appium:takesScreenshot: true, appium:udid: ce0717179aca141f017e, appium:viewportRect: {height: 2876, left: 0, top: 84, width: 1440}, appium:warnings: {}, appium:webStorageEnabled: false, platformName: ANDROID}
Session ID: 4ac9e727-cbc0-403c-a67c-91dbcfdbb224
at java.base/jdk.internal.reflect.DirectConstructorHandleAccessor.newInstance(DirectConstructorHandleAccessor.java:62)
at java.base/java.lang.reflect.Constructor.newInstanceWithCaller(Constructor.java:502)
at java.base/java.lang.reflect.Constructor.newInstance(Constructor.java:486)
at org.openqa.selenium.remote.ErrorCodec.decode(ErrorCodec.java:167)
at org.openqa.selenium.remote.codec.w3c.W3CHttpResponseCodec.decode(W3CHttpResponseCodec.java:138)
at org.openqa.selenium.remote.codec.w3c.W3CHttpResponseCodec.decode(W3CHttpResponseCodec.java:50)
at org.openqa.selenium.remote.HttpCommandExecutor.execute(HttpCommandExecutor.java:215)
at io.appium.java_client.remote.AppiumCommandExecutor.execute(AppiumCommandExecutor.java:243)
at org.openqa.selenium.remote.RemoteWebDriver.execute(RemoteWebDriver.java:545)
at org.openqa.selenium.remote.ElementLocation$ElementFinder$2.findElement(ElementLocation.java:165)
at org.openqa.selenium.remote.ElementLocation.findElement(ElementLocation.java:66)
at org.openqa.selenium.remote.RemoteWebDriver.findElement(RemoteWebDriver.java:368)
at org.openqa.selenium.remote.RemoteWebDriver.findElement(RemoteWebDriver.java:362)
at pageObject.notificationPage.checkNotiHeader(notificationPage.java:20)
at testCases.TC001_notif_header_check.verfiy_notification_header_in_capital(TC001_notif_header_check.java:16)
at java.base/jdk.internal.reflect.DirectMethodHandleAccessor.invoke(DirectMethodHandleAccessor.java:103)
at java.base/java.lang.reflect.Method.invoke(Method.java:580)
at org.testng.internal.invokers.MethodInvocationHelper.invokeMethod(MethodInvocationHelper.java:141)
at org.testng.internal.invokers.TestInvoker.invokeMethod(TestInvoker.java:687)
at org.testng.internal.invokers.TestInvoker.invokeTestMethod(TestInvoker.java:230)
at org.testng.internal.invokers.MethodRunner.runInSequence(MethodRunner.java:63)
at org.testng.internal.invokers.TestInvoker$MethodInvocationAgent.invoke(TestInvoker.java:995)
at org.testng.internal.invokers.TestInvoker.invokeTestMethods(TestInvoker.java:203)
at org.testng.internal.invokers.TestMethodWorker.invokeTestMethods(TestMethodWorker.java:154)
at org.testng.internal.invokers.TestMethodWorker.run(TestMethodWorker.java:134)
at java.base/java.util.ArrayList.forEach(ArrayList.java:1596)
at org.testng.TestRunner.privateRun(TestRunner.java:741)
at org.testng.TestRunner.run(TestRunner.java:616)
at org.testng.SuiteRunner.runTest(SuiteRunner.java:421)
at org.testng.SuiteRunner.runSequentially(SuiteRunner.java:413)
at org.testng.SuiteRunner.privateRun(SuiteRunner.java:373)
at org.testng.SuiteRunner.run(SuiteRunner.java:312)
at org.testng.SuiteRunnerWorker.runSuite(SuiteRunnerWorker.java:52)
at org.testng.SuiteRunnerWorker.run(SuiteRunnerWorker.java:95)
at org.testng.TestNG.runSuitesSequentially(TestNG.java:1274)
at org.testng.TestNG.runSuitesLocally(TestNG.java:1208)
at org.testng.TestNG.runSuites(TestNG.java:1112)
at org.testng.TestNG.run(TestNG.java:1079)
at org.apache.maven.surefire.testng.TestNGExecutor.run(TestNGExecutor.java:308)
at org.apache.maven.surefire.testng.TestNGXmlTestSuite.execute(TestNGXmlTestSuite.java:71)
at org.apache.maven.surefire.testng.TestNGProvider.invoke(TestNGProvider.java:113)
at org.apache.maven.surefire.booter.ForkedBooter.runSuitesInProcess(ForkedBooter.java:385)
at org.apache.maven.surefire.booter.ForkedBooter.execute(ForkedBooter.java:162)
at org.apache.maven.surefire.booter.ForkedBooter.run(ForkedBooter.java:507)
at org.apache.maven.surefire.booter.ForkedBooter.main(ForkedBooter.java:495)
]]>
            </full-stacktrace>
          </exception> <!-- org.openqa.selenium.NoSuchElementException -->
          <reporter-output>
          </reporter-output>
        </test-method> <!-- verfiy_notification_header_in_capital -->
        <test-method is-config="true" signature="teardown()[pri:0, instance:testCases.TC001_notif_header_check@7b2bbc3]" started-at="2025-04-03T15:48:04 IST" name="teardown" finished-at="2025-04-03T15:48:05 IST" duration-ms="506" status="PASS">
          <reporter-output>
          </reporter-output>
        </test-method> <!-- teardown -->
      </class> <!-- testCases.TC001_notif_header_check -->
    </test> <!-- Test -->
  </suite> <!-- Suite -->
</testng-results>
